#
# A fatal error has been detected by the Java Runtime Environment:
#
#  SIGSEGV (0xb) at pc=0x00007fb2950696ba, pid=4165, tid=140403608475392
#
# JRE version: Java(TM) SE Runtime Environment (8.0_65-b17) (build 1.8.0_65-b17)
# Java VM: Java HotSpot(TM) 64-Bit Server VM (25.65-b01 mixed mode linux-amd64 compressed oops)
# Problematic frame:
# v  ~BufferBlob::jni_fast_GetLongField
#
# Failed to write core dump. Core dumps have been disabled. To enable core dumping, try "ulimit -c unlimited" before starting Java again
#
# If you would like to submit a bug report, please visit:
#   http://bugreport.java.com/bugreport/crash.jsp
# The crash happened outside the Java Virtual Machine in native code.
# See problematic frame for where to report the bug.
#

---------------  T H R E A D  ---------------

Current thread (0x00007fb2a423d800):  JavaThread "AWT-XAWT" daemon [_thread_in_native, id=4189, stack(0x00007fb243255000,0x00007fb243356000)]

siginfo: si_signo: 11 (SIGSEGV), si_code: 1 (SEGV_MAPERR), si_addr: 0x0000000000000000

Registers:
RAX=0x00007fb2abc7fda0, RBX=0x00007fb2a423d9f8, RCX=0x00007fb2ac6dd320, RDX=0x0000000000000042
RSP=0x00007fb2433544f8, RBP=0x00007fb243354520, RSI=0x0000000000000000, RDI=0x00007fb2a423d9f8
R8 =0x00000000ed9fc16d, R9 =0x0000000000000000, R10=0x0000000000000032, R11=0x00007fb29525aad8
R12=0x00007fb22c00a950, R13=0x0000000000000000, R14=0x00007fb27ce167e0, R15=0x00007fb2a423d800
RIP=0x00007fb2950696ba, EFLAGS=0x0000000000010246, CSGSFS=0x0000000000000033, ERR=0x0000000000000004
  TRAPNO=0x000000000000000e

Top of Stack: (sp=0x00007fb2433544f8)
0x00007fb2433544f8:   00007fb27cbf4e61 00007fb29449a118
0x00007fb243354508:   00007fb22c00a950 00007fb2433545d0
0x00007fb243354518:   00007fb2433545a0 0000000000000000
0x00007fb243354528:   00007fb27c6bdae8 00007fb29449a118
0x00007fb243354538:   00007fb243354560 0000000000000000
0x00007fb243354548:   00007fb27c6b59a3 00007fb2433545d0
0x00007fb243354558:   00007fb27cbee09f 00007fb2433545b0
0x00007fb243354568:   00007fb29525ab76 0000000000000000
0x00007fb243354578:   00007fb295204176 00007fb2433545d0
0x00007fb243354588:   00007fb29515c9ec 00007fb243354630
0x00007fb243354598:   000000076d3fd310 000000076d3fe058
0x00007fb2433545a8:   0000000000000001 00007fb243354630
0x00007fb2433545b8:   00007fb295007420 00007fb243354630
0x00007fb2433545c8:   00007fb295007420 0000000000000000
0x00007fb2433545d8:   00007fb295007760 00007fb230000e30
0x00007fb2433545e8:   000000076d48a6e0 00007fb2433545f0
0x00007fb2433545f8:   00007fb29447a314 00007fb243354678
0x00007fb243354608:   00007fb294483238 0000000000000000
0x00007fb243354618:   00007fb29447a450 00007fb2433545d0
0x00007fb243354628:   00007fb243354670 00007fb2433546c0
0x00007fb243354638:   00007fb295007c4d 0000000000000000
0x00007fb243354648:   000000076da9e450 0000000000000000
0x00007fb243354658:   0000000000000000 0000000000000000
0x00007fb243354668:   000000076d48a6e0 0000000000000000
0x00007fb243354678:   000000076d430858 00007fb243354680
0x00007fb243354688:   00007fb29447a155 00007fb2433546d0
0x00007fb243354698:   00007fb294483238 0000000000000000
0x00007fb2433546a8:   00007fb29447a160 00007fb243354670
0x00007fb2433546b8:   00007fb2433546d0 00007fb243354718
0x00007fb2433546c8:   00007fb295007c92 000000076d430858
0x00007fb2433546d8:   00007fb2433546d8 00007fb2940649cb
0x00007fb2433546e8:   00007fb243354728 00007fb2940eb480 

Instructions: (pc=0x00007fb2950696ba)
0x00007fb29506969a:   00 00 00 00 00 00 44 8b 15 81 0c c5 16 4c 8b ce
0x00007fb2950696aa:   41 f6 c2 01 0f 85 2e 00 00 00 4d 33 ca 4d 33 ca
0x00007fb2950696ba:   4d 8b 09 4c 8b da 49 c1 eb 02 4b 8b 04 19 49 bb
0x00007fb2950696ca:   28 a3 cb ab b2 7f 00 00 4c 33 d8 4c 33 d8 45 3b 

Register to memory mapping:

RAX=0x00007fb2abc7fda0: <offset 0xf74da0> in /usr/lib/jvm/jdk1.8.0_65/jre/lib/amd64/server/libjvm.so at 0x00007fb2aad0b000
RBX=0x00007fb2a423d9f8 is an unknown value
RCX=0x00007fb2ac6dd320: <offset 0x219320> in /lib/x86_64-linux-gnu/libpthread.so.0 at 0x00007fb2ac4c4000
RDX=0x0000000000000042 is an unknown value
RSP=0x00007fb2433544f8 is pointing into the stack for thread: 0x00007fb2a423d800
RBP=0x00007fb243354520 is pointing into the stack for thread: 0x00007fb2a423d800
RSI=0x0000000000000000 is an unknown value
RDI=0x00007fb2a423d9f8 is an unknown value
R8 =0x00000000ed9fc16d is an unknown value
R9 =0x0000000000000000 is an unknown value
R10=0x0000000000000032 is an unknown value
R11=0x00007fb29525aad8 is at entry_point+24 in (nmethod*)0x00007fb29525a950
R12=0x00007fb22c00a950 is an unknown value
R13=0x0000000000000000 is an unknown value
R14=0x00007fb27ce167e0: <offset 0x2587e0> in /usr/lib/jvm/jdk1.8.0_65/jre/lib/amd64/libawt_xawt.so at 0x00007fb27cbbe000
R15=0x00007fb2a423d800 is a thread


Stack: [0x00007fb243255000,0x00007fb243356000],  sp=0x00007fb2433544f8,  free space=1021k
Native frames: (J=compiled Java code, j=interpreted, Vv=VM code, C=native code)
v  ~BufferBlob::jni_fast_GetLongField
C  [libX11.so.6+0x61ae8]  _XimServerDestroy+0x58

Java frames: (J=compiled Java code, j=interpreted, Vv=VM code)
J 603  sun.awt.X11.XlibWrapper.XFilterEvent(JJ)Z (0 bytes) @ 0x00007fb29525ab04 [0x00007fb29525aac0+0x44]
j  sun.awt.X11.XToolkit.run(Z)V+300
j  sun.awt.X11.XToolkit.run()V+5
j  java.lang.Thread.run()V+11
v  ~StubRoutines::call_stub

---------------  P R O C E S S  ---------------

Java Threads: ( => current thread )
  0x00007fb218011800 JavaThread "Thread-4" [_thread_blocked, id=4197, stack(0x00007fb243154000,0x00007fb243255000)]
  0x00007fb2a4009800 JavaThread "DestroyJavaVM" [_thread_blocked, id=4169, stack(0x00007fb2ac7e2000,0x00007fb2ac8e3000)]
  0x00007fb2a4323800 JavaThread "Thread-2" [_thread_blocked, id=4196, stack(0x00007fb2421a7000,0x00007fb2422a8000)]
  0x00007fb2a4321800 JavaThread "Thread-1" [_thread_in_native, id=4195, stack(0x00007fb2422a8000,0x00007fb2423a9000)]
  0x00007fb2a42eb800 JavaThread "TimerQueue" daemon [_thread_blocked, id=4193, stack(0x00007fb2425a9000,0x00007fb2426aa000)]
=>0x00007fb2a423d800 JavaThread "AWT-XAWT" daemon [_thread_in_native, id=4189, stack(0x00007fb243255000,0x00007fb243356000)]
  0x00007fb2a4221800 JavaThread "Java2D Disposer" daemon [_thread_blocked, id=4188, stack(0x00007fb268050000,0x00007fb268151000)]
  0x00007fb2a40d4800 JavaThread "Service Thread" daemon [_thread_blocked, id=4186, stack(0x00007fb27d1ea000,0x00007fb27d2eb000)]
  0x00007fb2a40c7000 JavaThread "C1 CompilerThread3" daemon [_thread_blocked, id=4185, stack(0x00007fb27d2eb000,0x00007fb27d3ec000)]
  0x00007fb2a40c5000 JavaThread "C2 CompilerThread2" daemon [_thread_blocked, id=4184, stack(0x00007fb27d3ec000,0x00007fb27d4ed000)]
  0x00007fb2a40c3000 JavaThread "C2 CompilerThread1" daemon [_thread_blocked, id=4183, stack(0x00007fb27d4ed000,0x00007fb27d5ee000)]
  0x00007fb2a40c0800 JavaThread "C2 CompilerThread0" daemon [_thread_blocked, id=4182, stack(0x00007fb27d5ee000,0x00007fb27d6ef000)]
  0x00007fb2a40bf000 JavaThread "Signal Dispatcher" daemon [_thread_blocked, id=4181, stack(0x00007fb27d6ef000,0x00007fb27d7f0000)]
  0x00007fb2a4087000 JavaThread "Finalizer" daemon [_thread_blocked, id=4180, stack(0x00007fb27ded4000,0x00007fb27dfd5000)]
  0x00007fb2a4085000 JavaThread "Reference Handler" daemon [_thread_blocked, id=4179, stack(0x00007fb27dfd5000,0x00007fb27e0d6000)]

Other Threads:
  0x00007fb2a407f800 VMThread [stack: 0x00007fb27e0d6000,0x00007fb27e1d7000] [id=4178]
  0x00007fb2a40d7000 WatcherThread [stack: 0x00007fb27d0e9000,0x00007fb27d1ea000] [id=4187]

VM state:not at safepoint (normal execution)

VM Mutex/Monitor currently owned by a thread: None

Heap:
 PSYoungGen      total 74752K, used 29677K [0x000000076cf80000, 0x0000000772280000, 0x00000007c0000000)
  eden space 64512K, 46% used [0x000000076cf80000,0x000000076ec7b458,0x0000000770e80000)
  from space 10240K, 0% used [0x0000000771880000,0x0000000771880000,0x0000000772280000)
  to   space 10240K, 0% used [0x0000000770e80000,0x0000000770e80000,0x0000000771880000)
 ParOldGen       total 171008K, used 0K [0x00000006c6e00000, 0x00000006d1500000, 0x000000076cf80000)
  object space 171008K, 0% used [0x00000006c6e00000,0x00000006c6e00000,0x00000006d1500000)
 Metaspace       used 12203K, capacity 12422K, committed 12544K, reserved 1060864K
  class space    used 1448K, capacity 1517K, committed 1536K, reserved 1048576K

Card table byte_map: [0x00007fb2a8de1000,0x00007fb2a95ab000] byte_map_base: 0x00007fb2a57aa000

Marking Bits: (ParMarkBitMap*) 0x00007fb2abcb9de0
 Begin Bits: [0x00007fb268370000, 0x00007fb26c1b8000)
 End Bits:   [0x00007fb26c1b8000, 0x00007fb270000000)

Polling page: 0x00007fb2ac901000

CodeCache: size=245760Kb used=3163Kb max_used=3170Kb free=242596Kb
 bounds [0x00007fb295000000, 0x00007fb295320000, 0x00007fb2a4000000]
 total_blobs=1450 nmethods=900 adapters=464
 compilation: enabled

Compilation events (10 events):
Event: 2249,206 Thread 0x00007fb2a40c0800  896       4       sun.awt.X11.XAnyEvent::get_window (20 bytes)
Event: 2249,208 Thread 0x00007fb2a40c0800 nmethod 896 0x00007fb29531a750 code [0x00007fb29531a8c0, 0x00007fb29531aa78]
Event: 2249,291 Thread 0x00007fb2a40c3000  897       4       sun.util.logging.PlatformLogger::finest (12 bytes)
Event: 2249,292 Thread 0x00007fb2a40c3000 nmethod 897 0x00007fb29531ad10 code [0x00007fb29531ae80, 0x00007fb29531afd8]
Event: 2249,308 Thread 0x00007fb2a40c7000  898       1       sun.awt.X11.XEvent::getPData (5 bytes)
Event: 2249,308 Thread 0x00007fb2a40c7000 nmethod 898 0x00007fb29530b210 code [0x00007fb29530b360, 0x00007fb29530b470]
Event: 2249,314 Thread 0x00007fb2a40c7000  899       3       java.util.concurrent.locks.AbstractQueuedSynchronizer$ConditionObject::signalAll (33 bytes)
Event: 2249,315 Thread 0x00007fb2a40c7000 nmethod 899 0x00007fb2953107d0 code [0x00007fb295310960, 0x00007fb295310ce8]
Event: 2249,315 Thread 0x00007fb2a40c7000  900       3       sun.awt.AWTAutoShutdown::isReadyToShutdown (37 bytes)
Event: 2249,315 Thread 0x00007fb2a40c7000 nmethod 900 0x00007fb295310190 code [0x00007fb295310320, 0x00007fb2953106d8]

GC Heap History (0 events):
No events

Deoptimization events (5 events):
Event: 0,255 Thread 0x00007fb2a4009800 Uncommon trap: reason=unstable_if action=reinterpret pc=0x00007fb2951a89d8 method=java.lang.String.<init>([CII)V @ 18
Event: 1,438 Thread 0x00007fb2a42af000 Uncommon trap: reason=class_check action=maybe_recompile pc=0x00007fb29515e21c method=java.lang.String.equals(Ljava/lang/Object;)Z @ 8
Event: 1,438 Thread 0x00007fb2a42af000 Uncommon trap: reason=class_check action=maybe_recompile pc=0x00007fb29515e21c method=java.lang.String.equals(Ljava/lang/Object;)Z @ 8
Event: 1,438 Thread 0x00007fb2a42af000 Uncommon trap: reason=class_check action=maybe_recompile pc=0x00007fb29515e21c method=java.lang.String.equals(Ljava/lang/Object;)Z @ 8
Event: 1,652 Thread 0x00007fb2a42af000 Uncommon trap: reason=class_check action=maybe_recompile pc=0x00007fb29515e21c method=java.lang.String.equals(Ljava/lang/Object;)Z @ 8

Internal exceptions (10 events):
Event: 2248,305 Thread 0x00007fb218011800 Exception <a 'java/io/IOException'> (0x000000076e8a4868) thrown at [/HUDSON/workspace/8-2-build-linux-amd64/jdk8u65/4987/hotspot/src/share/vm/prims/jni.cpp, line 709]
Event: 2248,805 Thread 0x00007fb218011800 Exception <a 'java/io/IOException'> (0x000000076e8a5078) thrown at [/HUDSON/workspace/8-2-build-linux-amd64/jdk8u65/4987/hotspot/src/share/vm/prims/jni.cpp, line 709]
Event: 2249,305 Thread 0x00007fb218011800 Exception <a 'java/io/IOException'> (0x000000076e8a5888) thrown at [/HUDSON/workspace/8-2-build-linux-amd64/jdk8u65/4987/hotspot/src/share/vm/prims/jni.cpp, line 709]
Event: 2249,806 Thread 0x00007fb218011800 Exception <a 'java/io/IOException'> (0x000000076e8a6098) thrown at [/HUDSON/workspace/8-2-build-linux-amd64/jdk8u65/4987/hotspot/src/share/vm/prims/jni.cpp, line 709]
Event: 2250,306 Thread 0x00007fb218011800 Exception <a 'java/io/IOException'> (0x000000076e8a68a8) thrown at [/HUDSON/workspace/8-2-build-linux-amd64/jdk8u65/4987/hotspot/src/share/vm/prims/jni.cpp, line 709]
Event: 2250,806 Thread 0x00007fb218011800 Exception <a 'java/io/IOException'> (0x000000076e8a70b8) thrown at [/HUDSON/workspace/8-2-build-linux-amd64/jdk8u65/4987/hotspot/src/share/vm/prims/jni.cpp, line 709]
Event: 2251,306 Thread 0x00007fb218011800 Exception <a 'java/io/IOException'> (0x000000076e8a78c8) thrown at [/HUDSON/workspace/8-2-build-linux-amd64/jdk8u65/4987/hotspot/src/share/vm/prims/jni.cpp, line 709]
Event: 2251,807 Thread 0x00007fb218011800 Exception <a 'java/io/IOException'> (0x000000076e8a80d8) thrown at [/HUDSON/workspace/8-2-build-linux-amd64/jdk8u65/4987/hotspot/src/share/vm/prims/jni.cpp, line 709]
Event: 2252,307 Thread 0x00007fb218011800 Exception <a 'java/io/IOException'> (0x000000076e8a88e8) thrown at [/HUDSON/workspace/8-2-build-linux-amd64/jdk8u65/4987/hotspot/src/share/vm/prims/jni.cpp, line 709]
Event: 2252,807 Thread 0x00007fb218011800 Exception <a 'java/io/IOException'> (0x000000076e8a90f8) thrown at [/HUDSON/workspace/8-2-build-linux-amd64/jdk8u65/4987/hotspot/src/share/vm/prims/jni.cpp, line 709]

Events (10 events):
Event: 2249,130 loading class sun/awt/X11/XMSelection$2
Event: 2249,130 loading class sun/awt/X11/XMSelection$2 done
Event: 2249,190 loading class sun/awt/X11/XAWTXSettings$1
Event: 2249,198 loading class sun/awt/X11/XAWTXSettings$1 done
Event: 2249,198 Thread 0x00007fb230006800 Thread added: 0x00007fb230006800
Event: 2249,198 Thread 0x00007fb230007800 Thread added: 0x00007fb230007800
Event: 2250,315 Executing VM operation: RevokeBias
Event: 2250,315 Executing VM operation: RevokeBias done
Event: 2250,315 Thread 0x00007fb230006800 Thread exited: 0x00007fb230006800
Event: 2250,316 Thread 0x00007fb230007800 Thread exited: 0x00007fb230007800


Dynamic libraries:
00400000-00401000 r-xp 00000000 08:02 37228979                           /usr/lib/jvm/jdk1.8.0_65/bin/java
00600000-00601000 rw-p 00000000 08:02 37228979                           /usr/lib/jvm/jdk1.8.0_65/bin/java
00e81000-00ea2000 rw-p 00000000 00:00 0                                  [heap]
6c6e00000-6d1500000 rw-p 00000000 00:00 0 
6d1500000-76cf80000 ---p 00000000 00:00 0 
76cf80000-772280000 rw-p 00000000 00:00 0 
772280000-7c0000000 ---p 00000000 00:00 0 
7c0000000-7c0180000 rw-p 00000000 00:00 0 
7c0180000-800000000 ---p 00000000 00:00 0 
7fb218000000-7fb218021000 rw-p 00000000 00:00 0 
7fb218021000-7fb21c000000 ---p 00000000 00:00 0 
7fb220000000-7fb220021000 rw-p 00000000 00:00 0 
7fb220021000-7fb224000000 ---p 00000000 00:00 0 
7fb224000000-7fb224021000 rw-p 00000000 00:00 0 
7fb224021000-7fb228000000 ---p 00000000 00:00 0 
7fb228000000-7fb228021000 rw-p 00000000 00:00 0 
7fb228021000-7fb22c000000 ---p 00000000 00:00 0 
7fb22c000000-7fb22c02a000 rw-p 00000000 00:00 0 
7fb22c02a000-7fb230000000 ---p 00000000 00:00 0 
7fb230000000-7fb23002c000 rw-p 00000000 00:00 0 
7fb23002c000-7fb234000000 ---p 00000000 00:00 0 
7fb234000000-7fb2342a0000 rw-p 00000000 00:00 0 
7fb2342a0000-7fb238000000 ---p 00000000 00:00 0 
7fb238000000-7fb238021000 rw-p 00000000 00:00 0 
7fb238021000-7fb23c000000 ---p 00000000 00:00 0 
7fb23c000000-7fb23c021000 rw-p 00000000 00:00 0 
7fb23c021000-7fb240000000 ---p 00000000 00:00 0 
7fb2421a7000-7fb2421aa000 ---p 00000000 00:00 0 
7fb2421aa000-7fb2422a8000 rw-p 00000000 00:00 0                          [stack:4196]
7fb2422a8000-7fb2422ab000 ---p 00000000 00:00 0 
7fb2422ab000-7fb242469000 rw-p 00000000 00:00 0                          [stack:4195]
7fb242469000-7fb2425a9000 ---p 00000000 00:00 0 
7fb2425a9000-7fb2425ac000 ---p 00000000 00:00 0 
7fb2425ac000-7fb2428aa000 rw-p 00000000 00:00 0                          [stack:4193]
7fb2428aa000-7fb2428ad000 ---p 00000000 00:00 0 
7fb2428ad000-7fb2429ab000 rw-p 00000000 00:00 0 
7fb2429ab000-7fb2429ae000 ---p 00000000 00:00 0 
7fb2429ae000-7fb242aac000 rw-p 00000000 00:00 0 
7fb242aac000-7fb242b15000 r-xp 00000000 08:02 37228323                   /usr/lib/jvm/jdk1.8.0_65/jre/lib/amd64/libt2k.so
7fb242b15000-7fb242d15000 ---p 00069000 08:02 37228323                   /usr/lib/jvm/jdk1.8.0_65/jre/lib/amd64/libt2k.so
7fb242d15000-7fb242d1c000 rw-p 00069000 08:02 37228323                   /usr/lib/jvm/jdk1.8.0_65/jre/lib/amd64/libt2k.so
7fb242d1c000-7fb242d2c000 rw-p 00000000 00:00 0 
7fb242d2c000-7fb242d3d000 r-xp 00000000 08:02 37228347                   /usr/lib/jvm/jdk1.8.0_65/jre/lib/amd64/libnio.so
7fb242d3d000-7fb242f3c000 ---p 00011000 08:02 37228347                   /usr/lib/jvm/jdk1.8.0_65/jre/lib/amd64/libnio.so
7fb242f3c000-7fb242f3d000 rw-p 00010000 08:02 37228347                   /usr/lib/jvm/jdk1.8.0_65/jre/lib/amd64/libnio.so
7fb242f3d000-7fb242f53000 r-xp 00000000 08:02 37228320                   /usr/lib/jvm/jdk1.8.0_65/jre/lib/amd64/libnet.so
7fb242f53000-7fb243153000 ---p 00016000 08:02 37228320                   /usr/lib/jvm/jdk1.8.0_65/jre/lib/amd64/libnet.so
7fb243153000-7fb243154000 rw-p 00016000 08:02 37228320                   /usr/lib/jvm/jdk1.8.0_65/jre/lib/amd64/libnet.so
7fb243154000-7fb243157000 ---p 00000000 00:00 0 
7fb243157000-7fb243255000 rw-p 00000000 00:00 0                          [stack:4197]
7fb243255000-7fb243258000 ---p 00000000 00:00 0 
7fb243258000-7fb243356000 rw-p 00000000 00:00 0                          [stack:4189]
7fb243356000-7fb24335b000 r-xp 00000000 08:02 36183580                   /usr/lib/x86_64-linux-gnu/libXfixes.so.3.1.0
7fb24335b000-7fb24355a000 ---p 00005000 08:02 36183580                   /usr/lib/x86_64-linux-gnu/libXfixes.so.3.1.0
7fb24355a000-7fb24355b000 r--p 00004000 08:02 36183580                   /usr/lib/x86_64-linux-gnu/libXfixes.so.3.1.0
7fb24355b000-7fb24355c000 rw-p 00005000 08:02 36183580                   /usr/lib/x86_64-linux-gnu/libXfixes.so.3.1.0
7fb24355c000-7fb243565000 r-xp 00000000 08:02 36183572                   /usr/lib/x86_64-linux-gnu/libXcursor.so.1.0.2
7fb243565000-7fb243764000 ---p 00009000 08:02 36183572                   /usr/lib/x86_64-linux-gnu/libXcursor.so.1.0.2
7fb243764000-7fb243765000 r--p 00008000 08:02 36183572                   /usr/lib/x86_64-linux-gnu/libXcursor.so.1.0.2
7fb243765000-7fb243766000 rw-p 00009000 08:02 36183572                   /usr/lib/x86_64-linux-gnu/libXcursor.so.1.0.2
7fb243766000-7fb24377c000 r-xp 00000000 08:02 30937190                   /lib/x86_64-linux-gnu/libgcc_s.so.1
7fb24377c000-7fb24397b000 ---p 00016000 08:02 30937190                   /lib/x86_64-linux-gnu/libgcc_s.so.1
7fb24397b000-7fb24397c000 rw-p 00015000 08:02 30937190                   /lib/x86_64-linux-gnu/libgcc_s.so.1
7fb24397c000-7fb2439e1000 r-xp 00000000 08:02 37228324                   /usr/lib/jvm/jdk1.8.0_65/jre/lib/amd64/libfontmanager.so
7fb2439e1000-7fb243be1000 ---p 00065000 08:02 37228324                   /usr/lib/jvm/jdk1.8.0_65/jre/lib/amd64/libfontmanager.so
7fb243be1000-7fb243be5000 rw-p 00065000 08:02 37228324                   /usr/lib/jvm/jdk1.8.0_65/jre/lib/amd64/libfontmanager.so
7fb243be5000-7fb243bf6000 rw-p 00000000 00:00 0 
7fb243bf6000-7fb243bfb000 r-xp 00000000 08:02 36183576                   /usr/lib/x86_64-linux-gnu/libXdmcp.so.6.0.0
7fb243bfb000-7fb243dfa000 ---p 00005000 08:02 36183576                   /usr/lib/x86_64-linux-gnu/libXdmcp.so.6.0.0
7fb243dfa000-7fb243dfb000 r--p 00004000 08:02 36183576                   /usr/lib/x86_64-linux-gnu/libXdmcp.so.6.0.0
7fb243dfb000-7fb243dfc000 rw-p 00005000 08:02 36183576                   /usr/lib/x86_64-linux-gnu/libXdmcp.so.6.0.0
7fb243dfc000-7fb243dfe000 r-xp 00000000 08:02 36183565                   /usr/lib/x86_64-linux-gnu/libXau.so.6.0.0
7fb243dfe000-7fb243ffe000 ---p 00002000 08:02 36183565                   /usr/lib/x86_64-linux-gnu/libXau.so.6.0.0
7fb243ffe000-7fb243fff000 r--p 00002000 08:02 36183565                   /usr/lib/x86_64-linux-gnu/libXau.so.6.0.0
7fb243fff000-7fb244000000 rw-p 00003000 08:02 36183565                   /usr/lib/x86_64-linux-gnu/libXau.so.6.0.0
7fb244000000-7fb2441d5000 rw-p 00000000 00:00 0 
7fb2441d5000-7fb248000000 ---p 00000000 00:00 0 
7fb248000000-7fb248021000 rw-p 00000000 00:00 0 
7fb248021000-7fb24c000000 ---p 00000000 00:00 0 
7fb24c000000-7fb24c1fc000 rw-p 00000000 00:00 0 
7fb24c1fc000-7fb250000000 ---p 00000000 00:00 0 
7fb250000000-7fb25018b000 rw-p 00000000 00:00 0 
7fb25018b000-7fb254000000 ---p 00000000 00:00 0 
7fb254000000-7fb254021000 rw-p 00000000 00:00 0 
7fb254021000-7fb258000000 ---p 00000000 00:00 0 
7fb258000000-7fb258214000 rw-p 00000000 00:00 0 
7fb258214000-7fb25c000000 ---p 00000000 00:00 0 
7fb25c000000-7fb25c021000 rw-p 00000000 00:00 0 
7fb25c021000-7fb260000000 ---p 00000000 00:00 0 
7fb260000000-7fb260021000 rw-p 00000000 00:00 0 
7fb260021000-7fb264000000 ---p 00000000 00:00 0 
7fb264000000-7fb264021000 rw-p 00000000 00:00 0 
7fb264021000-7fb268000000 ---p 00000000 00:00 0 
7fb26801f000-7fb268050000 rw-p 00000000 00:00 0 
7fb268050000-7fb268053000 ---p 00000000 00:00 0 
7fb268053000-7fb268151000 rw-p 00000000 00:00 0                          [stack:4188]
7fb268151000-7fb26816e000 r-xp 00000000 08:02 36184631                   /usr/lib/x86_64-linux-gnu/libxcb.so.1.1.0
7fb26816e000-7fb26836e000 ---p 0001d000 08:02 36184631                   /usr/lib/x86_64-linux-gnu/libxcb.so.1.1.0
7fb26836e000-7fb26836f000 r--p 0001d000 08:02 36184631                   /usr/lib/x86_64-linux-gnu/libxcb.so.1.1.0
7fb26836f000-7fb268370000 rw-p 0001e000 08:02 36184631                   /usr/lib/x86_64-linux-gnu/libxcb.so.1.1.0
7fb268370000-7fb270000000 rw-p 00000000 00:00 0 
7fb270000000-7fb270021000 rw-p 00000000 00:00 0 
7fb270021000-7fb274000000 ---p 00000000 00:00 0 
7fb274000000-7fb274021000 rw-p 00000000 00:00 0 
7fb274021000-7fb278000000 ---p 00000000 00:00 0 
7fb278000000-7fb278021000 rw-p 00000000 00:00 0 
7fb278021000-7fb27c000000 ---p 00000000 00:00 0 
7fb27c01a000-7fb27c03c000 r--p 00000000 08:02 38021880                   /usr/share/locale-langpack/pt_BR/LC_MESSAGES/libc.mo
7fb27c03c000-7fb27c04b000 r-xp 00000000 08:02 36183586                   /usr/lib/x86_64-linux-gnu/libXi.so.6.1.0
7fb27c04b000-7fb27c24a000 ---p 0000f000 08:02 36183586                   /usr/lib/x86_64-linux-gnu/libXi.so.6.1.0
7fb27c24a000-7fb27c24b000 r--p 0000e000 08:02 36183586                   /usr/lib/x86_64-linux-gnu/libXi.so.6.1.0
7fb27c24b000-7fb27c24c000 rw-p 0000f000 08:02 36183586                   /usr/lib/x86_64-linux-gnu/libXi.so.6.1.0
7fb27c24c000-7fb27c251000 r-xp 00000000 08:02 36183606                   /usr/lib/x86_64-linux-gnu/libXtst.so.6.1.0
7fb27c251000-7fb27c450000 ---p 00005000 08:02 36183606                   /usr/lib/x86_64-linux-gnu/libXtst.so.6.1.0
7fb27c450000-7fb27c451000 r--p 00004000 08:02 36183606                   /usr/lib/x86_64-linux-gnu/libXtst.so.6.1.0
7fb27c451000-7fb27c452000 rw-p 00005000 08:02 36183606                   /usr/lib/x86_64-linux-gnu/libXtst.so.6.1.0
7fb27c452000-7fb27c45b000 r-xp 00000000 08:02 36183600                   /usr/lib/x86_64-linux-gnu/libXrender.so.1.3.0
7fb27c45b000-7fb27c65a000 ---p 00009000 08:02 36183600                   /usr/lib/x86_64-linux-gnu/libXrender.so.1.3.0
7fb27c65a000-7fb27c65b000 r--p 00008000 08:02 36183600                   /usr/lib/x86_64-linux-gnu/libXrender.so.1.3.0
7fb27c65b000-7fb27c65c000 rw-p 00009000 08:02 36183600                   /usr/lib/x86_64-linux-gnu/libXrender.so.1.3.0
7fb27c65c000-7fb27c78c000 r-xp 00000000 08:02 36183561                   /usr/lib/x86_64-linux-gnu/libX11.so.6.3.0
7fb27c78c000-7fb27c98c000 ---p 00130000 08:02 36183561                   /usr/lib/x86_64-linux-gnu/libX11.so.6.3.0
7fb27c98c000-7fb27c98d000 r--p 00130000 08:02 36183561                   /usr/lib/x86_64-linux-gnu/libX11.so.6.3.0
7fb27c98d000-7fb27c991000 rw-p 00131000 08:02 36183561                   /usr/lib/x86_64-linux-gnu/libX11.so.6.3.0
7fb27c991000-7fb27c9a2000 r-xp 00000000 08:02 36183578                   /usr/lib/x86_64-linux-gnu/libXext.so.6.4.0
7fb27c9a2000-7fb27cba1000 ---p 00011000 08:02 36183578                   /usr/lib/x86_64-linux-gnu/libXext.so.6.4.0
7fb27cba1000-7fb27cba2000 r--p 00010000 08:02 36183578                   /usr/lib/x86_64-linux-gnu/libXext.so.6.4.0
7fb27cba2000-7fb27cba3000 rw-p 00011000 08:02 36183578                   /usr/lib/x86_64-linux-gnu/libXext.so.6.4.0
7fb27cbbe000-7fb27cc12000 r-xp 00000000 08:02 37228334                   /usr/lib/jvm/jdk1.8.0_65/jre/lib/amd64/libawt_xawt.so
7fb27cc12000-7fb27ce12000 ---p 00054000 08:02 37228334                   /usr/lib/jvm/jdk1.8.0_65/jre/lib/amd64/libawt_xawt.so
7fb27ce12000-7fb27ce16000 rw-p 00054000 08:02 37228334                   /usr/lib/jvm/jdk1.8.0_65/jre/lib/amd64/libawt_xawt.so
7fb27ce16000-7fb27ce17000 rw-p 00000000 00:00 0 
7fb27ce17000-7fb27ceb9000 r-xp 00000000 08:02 37228341                   /usr/lib/jvm/jdk1.8.0_65/jre/lib/amd64/libawt.so
7fb27ceb9000-7fb27d0b9000 ---p 000a2000 08:02 37228341                   /usr/lib/jvm/jdk1.8.0_65/jre/lib/amd64/libawt.so
7fb27d0b9000-7fb27d0c5000 rw-p 000a2000 08:02 37228341                   /usr/lib/jvm/jdk1.8.0_65/jre/lib/amd64/libawt.so
7fb27d0c5000-7fb27d0e9000 rw-p 00000000 00:00 0 
7fb27d0e9000-7fb27d0ea000 ---p 00000000 00:00 0 
7fb27d0ea000-7fb27d1ea000 rw-p 00000000 00:00 0                          [stack:4187]
7fb27d1ea000-7fb27d1ed000 ---p 00000000 00:00 0 
7fb27d1ed000-7fb27d2eb000 rw-p 00000000 00:00 0                          [stack:4186]
7fb27d2eb000-7fb27d2ee000 ---p 00000000 00:00 0 
7fb27d2ee000-7fb27d3ec000 rw-p 00000000 00:00 0                          [stack:4185]
7fb27d3ec000-7fb27d3ef000 ---p 00000000 00:00 0 
7fb27d3ef000-7fb27d4ed000 rw-p 00000000 00:00 0                          [stack:4184]
7fb27d4ed000-7fb27d4f0000 ---p 00000000 00:00 0 
7fb27d4f0000-7fb27d5ee000 rw-p 00000000 00:00 0                          [stack:4183]
7fb27d5ee000-7fb27d5f1000 ---p 00000000 00:00 0 
7fb27d5f1000-7fb27d6ef000 rw-p 00000000 00:00 0                          [stack:4182]
7fb27d6ef000-7fb27d6f2000 ---p 00000000 00:00 0 
7fb27d6f2000-7fb27d7f0000 rw-p 00000000 00:00 0                          [stack:4181]
7fb27d7f0000-7fb27ded4000 r--p 00000000 08:02 36182609                   /usr/lib/locale/locale-archive
7fb27ded4000-7fb27ded7000 ---p 00000000 00:00 0 
7fb27ded7000-7fb27dfd5000 rw-p 00000000 00:00 0                          [stack:4180]
7fb27dfd5000-7fb27dfd8000 ---p 00000000 00:00 0 
7fb27dfd8000-7fb27e0d6000 rw-p 00000000 00:00 0                          [stack:4179]
7fb27e0d6000-7fb27e0d7000 ---p 00000000 00:00 0 
7fb27e0d7000-7fb27fe28000 rw-p 00000000 00:00 0                          [stack:4178]
7fb27fe28000-7fb280000000 r--s 03d20000 08:02 36834892                   /usr/lib/jvm/jdk1.8.0_65/jre/lib/rt.jar
7fb280000000-7fb280021000 rw-p 00000000 00:00 0 
7fb280021000-7fb284000000 ---p 00000000 00:00 0 
7fb284000000-7fb284021000 rw-p 00000000 00:00 0 
7fb284021000-7fb288000000 ---p 00000000 00:00 0 
7fb288000000-7fb288021000 rw-p 00000000 00:00 0 
7fb288021000-7fb28c000000 ---p 00000000 00:00 0 
7fb28c000000-7fb28c021000 rw-p 00000000 00:00 0 
7fb28c021000-7fb290000000 ---p 00000000 00:00 0 
7fb290000000-7fb290021000 rw-p 00000000 00:00 0 
7fb290021000-7fb294000000 ---p 00000000 00:00 0 
7fb294004000-7fb294016000 r--s 00345000 08:02 36834903                   /usr/lib/jvm/jdk1.8.0_65/jre/lib/resources.jar
7fb294016000-7fb295000000 rw-p 00000000 00:00 0 
7fb295000000-7fb295320000 rwxp 00000000 00:00 0 
7fb295320000-7fb2a4000000 ---p 00000000 00:00 0 
7fb2a4000000-7fb2a4329000 rw-p 00000000 00:00 0 
7fb2a4329000-7fb2a8000000 ---p 00000000 00:00 0 
7fb2a8011000-7fb2a80a8000 rw-p 00000000 00:00 0 
7fb2a80a8000-7fb2a80a9000 ---p 00000000 00:00 0 
7fb2a80a9000-7fb2a81a9000 rw-p 00000000 00:00 0                          [stack:4177]
7fb2a81a9000-7fb2a81aa000 ---p 00000000 00:00 0 
7fb2a81aa000-7fb2a82aa000 rw-p 00000000 00:00 0                          [stack:4176]
7fb2a82aa000-7fb2a82ab000 ---p 00000000 00:00 0 
7fb2a82ab000-7fb2a83ab000 rw-p 00000000 00:00 0                          [stack:4175]
7fb2a83ab000-7fb2a83ac000 ---p 00000000 00:00 0 
7fb2a83ac000-7fb2a84ac000 rw-p 00000000 00:00 0                          [stack:4174]
7fb2a84ac000-7fb2a84ad000 ---p 00000000 00:00 0 
7fb2a84ad000-7fb2a85ad000 rw-p 00000000 00:00 0                          [stack:4173]
7fb2a85ad000-7fb2a85ae000 ---p 00000000 00:00 0 
7fb2a85ae000-7fb2a86ae000 rw-p 00000000 00:00 0                          [stack:4172]
7fb2a86ae000-7fb2a86af000 ---p 00000000 00:00 0 
7fb2a86af000-7fb2a87af000 rw-p 00000000 00:00 0                          [stack:4171]
7fb2a87af000-7fb2a87b0000 ---p 00000000 00:00 0 
7fb2a87b0000-7fb2a8904000 rw-p 00000000 00:00 0                          [stack:4170]
7fb2a8904000-7fb2a8de1000 ---p 00000000 00:00 0 
7fb2a8de1000-7fb2a8e35000 rw-p 00000000 00:00 0 
7fb2a8e35000-7fb2a9311000 ---p 00000000 00:00 0 
7fb2a9311000-7fb2a933c000 rw-p 00000000 00:00 0 
7fb2a933c000-7fb2a95aa000 ---p 00000000 00:00 0 
7fb2a95aa000-7fb2a95b8000 rw-p 00000000 00:00 0 
7fb2a95b8000-7fb2a996b000 ---p 00000000 00:00 0 
7fb2a996b000-7fb2a9985000 r-xp 00000000 08:02 37228315                   /usr/lib/jvm/jdk1.8.0_65/jre/lib/amd64/libzip.so
7fb2a9985000-7fb2a9b85000 ---p 0001a000 08:02 37228315                   /usr/lib/jvm/jdk1.8.0_65/jre/lib/amd64/libzip.so
7fb2a9b85000-7fb2a9b86000 rw-p 0001a000 08:02 37228315                   /usr/lib/jvm/jdk1.8.0_65/jre/lib/amd64/libzip.so
7fb2a9b86000-7fb2a9b91000 r-xp 00000000 08:02 30937238                   /lib/x86_64-linux-gnu/libnss_files-2.19.so
7fb2a9b91000-7fb2a9d90000 ---p 0000b000 08:02 30937238                   /lib/x86_64-linux-gnu/libnss_files-2.19.so
7fb2a9d90000-7fb2a9d91000 r--p 0000a000 08:02 30937238                   /lib/x86_64-linux-gnu/libnss_files-2.19.so
7fb2a9d91000-7fb2a9d92000 rw-p 0000b000 08:02 30937238                   /lib/x86_64-linux-gnu/libnss_files-2.19.so
7fb2a9d92000-7fb2a9d9d000 r-xp 00000000 08:02 30937248                   /lib/x86_64-linux-gnu/libnss_nis-2.19.so
7fb2a9d9d000-7fb2a9f9c000 ---p 0000b000 08:02 30937248                   /lib/x86_64-linux-gnu/libnss_nis-2.19.so
7fb2a9f9c000-7fb2a9f9d000 r--p 0000a000 08:02 30937248                   /lib/x86_64-linux-gnu/libnss_nis-2.19.so
7fb2a9f9d000-7fb2a9f9e000 rw-p 0000b000 08:02 30937248                   /lib/x86_64-linux-gnu/libnss_nis-2.19.so
7fb2a9f9e000-7fb2a9fb5000 r-xp 00000000 08:02 30937232                   /lib/x86_64-linux-gnu/libnsl-2.19.so
7fb2a9fb5000-7fb2aa1b4000 ---p 00017000 08:02 30937232                   /lib/x86_64-linux-gnu/libnsl-2.19.so
7fb2aa1b4000-7fb2aa1b5000 r--p 00016000 08:02 30937232                   /lib/x86_64-linux-gnu/libnsl-2.19.so
7fb2aa1b5000-7fb2aa1b6000 rw-p 00017000 08:02 30937232                   /lib/x86_64-linux-gnu/libnsl-2.19.so
7fb2aa1b6000-7fb2aa1b8000 rw-p 00000000 00:00 0 
7fb2aa1b8000-7fb2aa1c1000 r-xp 00000000 08:02 30937234                   /lib/x86_64-linux-gnu/libnss_compat-2.19.so
7fb2aa1c1000-7fb2aa3c0000 ---p 00009000 08:02 30937234                   /lib/x86_64-linux-gnu/libnss_compat-2.19.so
7fb2aa3c0000-7fb2aa3c1000 r--p 00008000 08:02 30937234                   /lib/x86_64-linux-gnu/libnss_compat-2.19.so
7fb2aa3c1000-7fb2aa3c2000 rw-p 00009000 08:02 30937234                   /lib/x86_64-linux-gnu/libnss_compat-2.19.so
7fb2aa3c2000-7fb2aa3ec000 r-xp 00000000 08:02 37228293                   /usr/lib/jvm/jdk1.8.0_65/jre/lib/amd64/libjava.so
7fb2aa3ec000-7fb2aa5ec000 ---p 0002a000 08:02 37228293                   /usr/lib/jvm/jdk1.8.0_65/jre/lib/amd64/libjava.so
7fb2aa5ec000-7fb2aa5ee000 rw-p 0002a000 08:02 37228293                   /usr/lib/jvm/jdk1.8.0_65/jre/lib/amd64/libjava.so
7fb2aa5ee000-7fb2aa5fb000 r-xp 00000000 08:02 37228309                   /usr/lib/jvm/jdk1.8.0_65/jre/lib/amd64/libverify.so
7fb2aa5fb000-7fb2aa7fb000 ---p 0000d000 08:02 37228309                   /usr/lib/jvm/jdk1.8.0_65/jre/lib/amd64/libverify.so
7fb2aa7fb000-7fb2aa7fd000 rw-p 0000d000 08:02 37228309                   /usr/lib/jvm/jdk1.8.0_65/jre/lib/amd64/libverify.so
7fb2aa7fd000-7fb2aa804000 r-xp 00000000 08:02 30937291                   /lib/x86_64-linux-gnu/librt-2.19.so
7fb2aa804000-7fb2aaa03000 ---p 00007000 08:02 30937291                   /lib/x86_64-linux-gnu/librt-2.19.so
7fb2aaa03000-7fb2aaa04000 r--p 00006000 08:02 30937291                   /lib/x86_64-linux-gnu/librt-2.19.so
7fb2aaa04000-7fb2aaa05000 rw-p 00007000 08:02 30937291                   /lib/x86_64-linux-gnu/librt-2.19.so
7fb2aaa05000-7fb2aab0a000 r-xp 00000000 08:02 30937213                   /lib/x86_64-linux-gnu/libm-2.19.so
7fb2aab0a000-7fb2aad09000 ---p 00105000 08:02 30937213                   /lib/x86_64-linux-gnu/libm-2.19.so
7fb2aad09000-7fb2aad0a000 r--p 00104000 08:02 30937213                   /lib/x86_64-linux-gnu/libm-2.19.so
7fb2aad0a000-7fb2aad0b000 rw-p 00105000 08:02 30937213                   /lib/x86_64-linux-gnu/libm-2.19.so
7fb2aad0b000-7fb2ab9c9000 r-xp 00000000 08:02 37228331                   /usr/lib/jvm/jdk1.8.0_65/jre/lib/amd64/server/libjvm.so
7fb2ab9c9000-7fb2abbc8000 ---p 00cbe000 08:02 37228331                   /usr/lib/jvm/jdk1.8.0_65/jre/lib/amd64/server/libjvm.so
7fb2abbc8000-7fb2abca0000 rw-p 00cbd000 08:02 37228331                   /usr/lib/jvm/jdk1.8.0_65/jre/lib/amd64/server/libjvm.so
7fb2abca0000-7fb2abce5000 rw-p 00000000 00:00 0 
7fb2abce5000-7fb2abea0000 r-xp 00000000 08:02 30937163                   /lib/x86_64-linux-gnu/libc-2.19.so
7fb2abea0000-7fb2ac09f000 ---p 001bb000 08:02 30937163                   /lib/x86_64-linux-gnu/libc-2.19.so
7fb2ac09f000-7fb2ac0a3000 r--p 001ba000 08:02 30937163                   /lib/x86_64-linux-gnu/libc-2.19.so
7fb2ac0a3000-7fb2ac0a5000 rw-p 001be000 08:02 30937163                   /lib/x86_64-linux-gnu/libc-2.19.so
7fb2ac0a5000-7fb2ac0aa000 rw-p 00000000 00:00 0 
7fb2ac0aa000-7fb2ac0ad000 r-xp 00000000 08:02 30937180                   /lib/x86_64-linux-gnu/libdl-2.19.so
7fb2ac0ad000-7fb2ac2ac000 ---p 00003000 08:02 30937180                   /lib/x86_64-linux-gnu/libdl-2.19.so
7fb2ac2ac000-7fb2ac2ad000 r--p 00002000 08:02 30937180                   /lib/x86_64-linux-gnu/libdl-2.19.so
7fb2ac2ad000-7fb2ac2ae000 rw-p 00003000 08:02 30937180                   /lib/x86_64-linux-gnu/libdl-2.19.so
7fb2ac2ae000-7fb2ac2c3000 r-xp 00000000 08:02 36706910                   /usr/lib/jvm/jdk1.8.0_65/lib/amd64/jli/libjli.so
7fb2ac2c3000-7fb2ac4c3000 ---p 00015000 08:02 36706910                   /usr/lib/jvm/jdk1.8.0_65/lib/amd64/jli/libjli.so
7fb2ac4c3000-7fb2ac4c4000 rw-p 00015000 08:02 36706910                   /usr/lib/jvm/jdk1.8.0_65/lib/amd64/jli/libjli.so
7fb2ac4c4000-7fb2ac4dd000 r-xp 00000000 08:02 30937283                   /lib/x86_64-linux-gnu/libpthread-2.19.so
7fb2ac4dd000-7fb2ac6dc000 ---p 00019000 08:02 30937283                   /lib/x86_64-linux-gnu/libpthread-2.19.so
7fb2ac6dc000-7fb2ac6dd000 r--p 00018000 08:02 30937283                   /lib/x86_64-linux-gnu/libpthread-2.19.so
7fb2ac6dd000-7fb2ac6de000 rw-p 00019000 08:02 30937283                   /lib/x86_64-linux-gnu/libpthread-2.19.so
7fb2ac6de000-7fb2ac6e2000 rw-p 00000000 00:00 0 
7fb2ac6e2000-7fb2ac705000 r-xp 00000000 08:02 30937139                   /lib/x86_64-linux-gnu/ld-2.19.so
7fb2ac711000-7fb2ac7e2000 rw-p 00000000 00:00 0 
7fb2ac7e2000-7fb2ac7e5000 ---p 00000000 00:00 0 
7fb2ac7e5000-7fb2ac8e7000 rw-p 00000000 00:00 0                          [stack:4169]
7fb2ac8eb000-7fb2ac8f2000 r--s 00000000 08:02 36570275                   /usr/lib/x86_64-linux-gnu/gconv/gconv-modules.cache
7fb2ac8f2000-7fb2ac8f8000 r--s 002f8000 08:02 36834884                   /usr/lib/jvm/jdk1.8.0_65/jre/lib/charsets.jar
7fb2ac8f8000-7fb2ac900000 rw-s 00000000 08:02 5243112                    /tmp/hsperfdata_gabriel/4165
7fb2ac900000-7fb2ac901000 rw-p 00000000 00:00 0 
7fb2ac901000-7fb2ac902000 r--p 00000000 00:00 0 
7fb2ac902000-7fb2ac904000 rw-p 00000000 00:00 0 
7fb2ac904000-7fb2ac905000 r--p 00022000 08:02 30937139                   /lib/x86_64-linux-gnu/ld-2.19.so
7fb2ac905000-7fb2ac906000 rw-p 00023000 08:02 30937139                   /lib/x86_64-linux-gnu/ld-2.19.so
7fb2ac906000-7fb2ac907000 rw-p 00000000 00:00 0 
7ffdd7fdc000-7ffdd7ffd000 rw-p 00000000 00:00 0                          [stack]
7ffdd8139000-7ffdd813b000 r--p 00000000 00:00 0                          [vvar]
7ffdd813b000-7ffdd813d000 r-xp 00000000 00:00 0                          [vdso]
ffffffffff600000-ffffffffff601000 r-xp 00000000 00:00 0                  [vsyscall]

VM Arguments:
jvm_args: -Dfile.encoding=UTF-8 
java_command: main.Main
java_class_path (initial): /home/gabriel/Dropbox/Faculdade/8semestre/SistemasDistribuidos/trabSistemaDistribuido/build/classes
Launcher Type: SUN_STANDARD

Environment Variables:
JAVA_HOME=/usr/lib/jvm/jdk1.8.0_65
CLASSPATH=.:/usr/lib/jvm/jdk1.8.0_65/lib/tools.jar
PATH=/usr/games:/usr/lib/jvm/jdk1.8.0_65/bin:/usr/local/sbin:/usr/local/bin:/usr/sbin:/usr/bin:/sbin:/bin:/usr/games:/usr/local/games
LD_LIBRARY_PATH=/usr/lib/jvm/jdk1.8.0_65/jre/lib/amd64:/usr/lib/jvm/jdk1.8.0_65/jre/lib/i386:
SHELL=/bin/bash
DISPLAY=:0

Signal Handlers:
SIGSEGV: [libjvm.so+0xaba070], sa_mask[0]=11111111011111111101111111111110, sa_flags=SA_RESTART|SA_SIGINFO
SIGBUS: [libjvm.so+0xaba070], sa_mask[0]=11111111011111111101111111111110, sa_flags=SA_RESTART|SA_SIGINFO
SIGFPE: [libjvm.so+0x917630], sa_mask[0]=11111111011111111101111111111110, sa_flags=SA_RESTART|SA_SIGINFO
SIGPIPE: [libjvm.so+0x917630], sa_mask[0]=11111111011111111101111111111110, sa_flags=SA_RESTART|SA_SIGINFO
SIGXFSZ: [libjvm.so+0x917630], sa_mask[0]=11111111011111111101111111111110, sa_flags=SA_RESTART|SA_SIGINFO
SIGILL: [libjvm.so+0x917630], sa_mask[0]=11111111011111111101111111111110, sa_flags=SA_RESTART|SA_SIGINFO
SIGUSR1: SIG_DFL, sa_mask[0]=00000000000000000000000000000000, sa_flags=none
SIGUSR2: [libjvm.so+0x918c60], sa_mask[0]=00100000000000000000000000000000, sa_flags=SA_RESTART|SA_SIGINFO
SIGHUP: [libjvm.so+0x91a060], sa_mask[0]=11111111011111111101111111111110, sa_flags=SA_RESTART|SA_SIGINFO
SIGINT: SIG_IGN, sa_mask[0]=00000000000000000000000000000000, sa_flags=none
SIGTERM: [libjvm.so+0x91a060], sa_mask[0]=11111111011111111101111111111110, sa_flags=SA_RESTART|SA_SIGINFO
SIGQUIT: [libjvm.so+0x91a060], sa_mask[0]=11111111011111111101111111111110, sa_flags=SA_RESTART|SA_SIGINFO


---------------  S Y S T E M  ---------------

OS:DISTRIB_ID=Ubuntu
DISTRIB_RELEASE=14.04
DISTRIB_CODENAME=trusty
DISTRIB_DESCRIPTION="Ubuntu 14.04.3 LTS"

uname:Linux 3.19.0-33-generic #38~14.04.1-Ubuntu SMP Fri Nov 6 18:17:28 UTC 2015 x86_64
libc:glibc 2.19 NPTL 2.19 
rlimit: STACK 8192k, CORE 0k, NPROC 63426, NOFILE 4096, AS infinity
load average:0,68 0,81 0,49

/proc/meminfo:
MemTotal:       16320028 kB
MemFree:        13650768 kB
MemAvailable:   14439568 kB
Buffers:           89596 kB
Cached:           987716 kB
SwapCached:            0 kB
Active:          1760884 kB
Inactive:         698920 kB
Active(anon):    1385664 kB
Inactive(anon):   145308 kB
Active(file):     375220 kB
Inactive(file):   553612 kB
Unevictable:         788 kB
Mlocked:             788 kB
SwapTotal:      16663548 kB
SwapFree:       16663548 kB
Dirty:               660 kB
Writeback:             0 kB
AnonPages:       1382884 kB
Mapped:           254108 kB
Shmem:            148352 kB
Slab:              97724 kB
SReclaimable:      57820 kB
SUnreclaim:        39904 kB
KernelStack:       11696 kB
PageTables:        25792 kB
NFS_Unstable:          0 kB
Bounce:                0 kB
WritebackTmp:          0 kB
CommitLimit:    24823560 kB
Committed_AS:    4853944 kB
VmallocTotal:   34359738367 kB
VmallocUsed:      569708 kB
VmallocChunk:   34359045580 kB
HardwareCorrupted:     0 kB
AnonHugePages:    987136 kB
CmaTotal:              0 kB
CmaFree:               0 kB
HugePages_Total:       0
HugePages_Free:        0
HugePages_Rsvd:        0
HugePages_Surp:        0
Hugepagesize:       2048 kB
DirectMap4k:      139004 kB
DirectMap2M:    16525312 kB


CPU:total 8 (4 cores per cpu, 2 threads per core) family 6 model 58 stepping 9, cmov, cx8, fxsr, mmx, sse, sse2, sse3, ssse3, sse4.1, sse4.2, popcnt, avx, aes, clmul, erms, ht, tsc, tscinvbit, tscinv

/proc/cpuinfo:
processor	: 0
vendor_id	: GenuineIntel
cpu family	: 6
model		: 58
model name	: Intel(R) Core(TM) i7-3630QM CPU @ 2.40GHz
stepping	: 9
microcode	: 0x15
cpu MHz		: 1718.437
cache size	: 6144 KB
physical id	: 0
siblings	: 8
core id		: 0
cpu cores	: 4
apicid		: 0
initial apicid	: 0
fpu		: yes
fpu_exception	: yes
cpuid level	: 13
wp		: yes
flags		: fpu vme de pse tsc msr pae mce cx8 apic sep mtrr pge mca cmov pat pse36 clflush dts acpi mmx fxsr sse sse2 ss ht tm pbe syscall nx rdtscp lm constant_tsc arch_perfmon pebs bts rep_good nopl xtopology nonstop_tsc aperfmperf eagerfpu pni pclmulqdq dtes64 monitor ds_cpl vmx est tm2 ssse3 cx16 xtpr pdcm pcid sse4_1 sse4_2 x2apic popcnt tsc_deadline_timer aes xsave avx f16c rdrand lahf_lm ida arat epb pln pts dtherm tpr_shadow vnmi flexpriority ept vpid fsgsbase smep erms xsaveopt
bugs		:
bogomips	: 4789.08
clflush size	: 64
cache_alignment	: 64
address sizes	: 36 bits physical, 48 bits virtual
power management:

processor	: 1
vendor_id	: GenuineIntel
cpu family	: 6
model		: 58
model name	: Intel(R) Core(TM) i7-3630QM CPU @ 2.40GHz
stepping	: 9
microcode	: 0x15
cpu MHz		: 1721.156
cache size	: 6144 KB
physical id	: 0
siblings	: 8
core id		: 0
cpu cores	: 4
apicid		: 1
initial apicid	: 1
fpu		: yes
fpu_exception	: yes
cpuid level	: 13
wp		: yes
flags		: fpu vme de pse tsc msr pae mce cx8 apic sep mtrr pge mca cmov pat pse36 clflush dts acpi mmx fxsr sse sse2 ss ht tm pbe syscall nx rdtscp lm constant_tsc arch_perfmon pebs bts rep_good nopl xtopology nonstop_tsc aperfmperf eagerfpu pni pclmulqdq dtes64 monitor ds_cpl vmx est tm2 ssse3 cx16 xtpr pdcm pcid sse4_1 sse4_2 x2apic popcnt tsc_deadline_timer aes xsave avx f16c rdrand lahf_lm arat epb pln pts dtherm tpr_shadow vnmi flexpriority ept vpid fsgsbase smep erms xsaveopt
bugs		:
bogomips	: 4789.08
clflush size	: 64
cache_alignment	: 64
address sizes	: 36 bits physical, 48 bits virtual
power management:

processor	: 2
vendor_id	: GenuineIntel
cpu family	: 6
model		: 58
model name	: Intel(R) Core(TM) i7-3630QM CPU @ 2.40GHz
stepping	: 9
microcode	: 0x15
cpu MHz		: 1716.093
cache size	: 6144 KB
physical id	: 0
siblings	: 8
core id		: 1
cpu cores	: 4
apicid		: 2
initial apicid	: 2
fpu		: yes
fpu_exception	: yes
cpuid level	: 13
wp		: yes
flags		: fpu vme de pse tsc msr pae mce cx8 apic sep mtrr pge mca cmov pat pse36 clflush dts acpi mmx fxsr sse sse2 ss ht tm pbe syscall nx rdtscp lm constant_tsc arch_perfmon pebs bts rep_good nopl xtopology nonstop_tsc aperfmperf eagerfpu pni pclmulqdq dtes64 monitor ds_cpl vmx est tm2 ssse3 cx16 xtpr pdcm pcid sse4_1 sse4_2 x2apic popcnt tsc_deadline_timer aes xsave avx f16c rdrand lahf_lm arat epb pln pts dtherm tpr_shadow vnmi flexpriority ept vpid fsgsbase smep erms xsaveopt
bugs		:
bogomips	: 4789.08
clflush size	: 64
cache_alignment	: 64
address sizes	: 36 bits physical, 48 bits virtual
power management:

processor	: 3
vendor_id	: GenuineIntel
cpu family	: 6
model		: 58
model name	: Intel(R) Core(TM) i7-3630QM CPU @ 2.40GHz
stepping	: 9
microcode	: 0x15
cpu MHz		: 1702.687
cache size	: 6144 KB
physical id	: 0
siblings	: 8
core id		: 1
cpu cores	: 4
apicid		: 3
initial apicid	: 3
fpu		: yes
fpu_exception	: yes
cpuid level	: 13
wp		: yes
flags		: fpu vme de pse tsc msr pae mce cx8 apic sep mtrr pge mca cmov pat pse36 clflush dts acpi mmx fxsr sse sse2 ss ht tm pbe syscall nx rdtscp lm constant_tsc arch_perfmon pebs bts rep_good nopl xtopology nonstop_tsc aperfmperf eagerfpu pni pclmulqdq dtes64 monitor ds_cpl vmx est tm2 ssse3 cx16 xtpr pdcm pcid sse4_1 sse4_2 x2apic popcnt tsc_deadline_timer aes xsave avx f16c rdrand lahf_lm arat epb pln pts dtherm tpr_shadow vnmi flexpriority ept vpid fsgsbase smep erms xsaveopt
bugs		:
bogomips	: 4789.08
clflush size	: 64
cache_alignment	: 64
address sizes	: 36 bits physical, 48 bits virtual
power management:

processor	: 4
vendor_id	: GenuineIntel
cpu family	: 6
model		: 58
model name	: Intel(R) Core(TM) i7-3630QM CPU @ 2.40GHz
stepping	: 9
microcode	: 0x15
cpu MHz		: 1847.343
cache size	: 6144 KB
physical id	: 0
siblings	: 8
core id		: 2
cpu cores	: 4
apicid		: 4
initial apicid	: 4
fpu		: yes
fpu_exception	: yes
cpuid level	: 13
wp		: yes
flags		: fpu vme de pse tsc msr pae mce cx8 apic sep mtrr pge mca cmov pat pse36 clflush dts acpi mmx fxsr sse sse2 ss ht tm pbe syscall nx rdtscp lm constant_tsc arch_perfmon pebs bts rep_good nopl xtopology nonstop_tsc aperfmperf eagerfpu pni pclmulqdq dtes64 monitor ds_cpl vmx est tm2 ssse3 cx16 xtpr pdcm pcid sse4_1 sse4_2 x2apic popcnt tsc_deadline_timer aes xsave avx f16c rdrand lahf_lm arat epb pln pts dtherm tpr_shadow vnmi flexpriority ept vpid fsgsbase smep erms xsaveopt
bugs		:
bogomips	: 4789.08
clflush size	: 64
cache_alignment	: 64
address sizes	: 36 bits physical, 48 bits virtual
power management:

processor	: 5
vendor_id	: GenuineIntel
cpu family	: 6
model		: 58
model name	: Intel(R) Core(TM) i7-3630QM CPU @ 2.40GHz
stepping	: 9
microcode	: 0x15
cpu MHz		: 2099.343
cache size	: 6144 KB
physical id	: 0
siblings	: 8
core id		: 2
cpu cores	: 4
apicid		: 5
initial apicid	: 5
fpu		: yes
fpu_exception	: yes
cpuid level	: 13
wp		: yes
flags		: fpu vme de pse tsc msr pae mce cx8 apic sep mtrr pge mca cmov pat pse36 clflush dts acpi mmx fxsr sse sse2 ss ht tm pbe syscall nx rdtscp lm constant_tsc arch_perfmon pebs bts rep_good nopl xtopology nonstop_tsc aperfmperf eagerfpu pni pclmulqdq dtes64 monitor ds_cpl vmx est tm2 ssse3 cx16 xtpr pdcm pcid sse4_1 sse4_2 x2apic popcnt tsc_deadline_timer aes xsave avx f16c rdrand lahf_lm arat epb pln pts dtherm tpr_shadow vnmi flexpriority ept vpid fsgsbase smep erms xsaveopt
bugs		:
bogomips	: 4789.08
clflush size	: 64
cache_alignment	: 64
address sizes	: 36 bits physical, 48 bits virtual
power management:

processor	: 6
vendor_id	: GenuineIntel
cpu family	: 6
model		: 58
model name	: Intel(R) Core(TM) i7-3630QM CPU @ 2.40GHz
stepping	: 9
microcode	: 0x15
cpu MHz		: 1720.125
cache size	: 6144 KB
physical id	: 0
siblings	: 8
core id		: 3
cpu cores	: 4
apicid		: 6
initial apicid	: 6
fpu		: yes
fpu_exception	: yes
cpuid level	: 13
wp		: yes
flags		: fpu vme de pse tsc msr pae mce cx8 apic sep mtrr pge mca cmov pat pse36 clflush dts acpi mmx fxsr sse sse2 ss ht tm pbe syscall nx rdtscp lm constant_tsc arch_perfmon pebs bts rep_good nopl xtopology nonstop_tsc aperfmperf eagerfpu pni pclmulqdq dtes64 monitor ds_cpl vmx est tm2 ssse3 cx16 xtpr pdcm pcid sse4_1 sse4_2 x2apic popcnt tsc_deadline_timer aes xsave avx f16c rdrand lahf_lm arat epb pln pts dtherm tpr_shadow vnmi flexpriority ept vpid fsgsbase smep erms xsaveopt
bugs		:
bogomips	: 4789.08
clflush size	: 64
cache_alignment	: 64
address sizes	: 36 bits physical, 48 bits virtual
power management:

processor	: 7
vendor_id	: GenuineIntel
cpu family	: 6
model		: 58
model name	: Intel(R) Core(TM) i7-3630QM CPU @ 2.40GHz
stepping	: 9
microcode	: 0x15
cpu MHz		: 2005.593
cache size	: 6144 KB
physical id	: 0
siblings	: 8
core id		: 3
cpu cores	: 4
apicid		: 7
initial apicid	: 7
fpu		: yes
fpu_exception	: yes
cpuid level	: 13
wp		: yes
flags		: fpu vme de pse tsc msr pae mce cx8 apic sep mtrr pge mca cmov pat pse36 clflush dts acpi mmx fxsr sse sse2 ss ht tm pbe syscall nx rdtscp lm constant_tsc arch_perfmon pebs bts rep_good nopl xtopology nonstop_tsc aperfmperf eagerfpu pni pclmulqdq dtes64 monitor ds_cpl vmx est tm2 ssse3 cx16 xtpr pdcm pcid sse4_1 sse4_2 x2apic popcnt tsc_deadline_timer aes xsave avx f16c rdrand lahf_lm arat epb pln pts dtherm tpr_shadow vnmi flexpriority ept vpid fsgsbase smep erms xsaveopt
bugs		:
bogomips	: 4789.08
clflush size	: 64
cache_alignment	: 64
address sizes	: 36 bits physical, 48 bits virtual
power management:



Memory: 4k page, physical 16320028k(13662668k free), swap 16663548k(16663548k free)

vm_info: Java HotSpot(TM) 64-Bit Server VM (25.65-b01) for linux-amd64 JRE (1.8.0_65-b17), built on Oct  6 2015 17:16:12 by "java_re" with gcc 4.3.0 20080428 (Red Hat 4.3.0-8)

time: Wed Dec  2 04:23:04 2015
elapsed time: 2253 seconds (0d 0h 37m 33s)

